{
  "RSpec": {
    "coverage": {
      "/Users/marcus/Desktop/Projects/bank_test/spec/account_spec.rb": [
        1,
        null,
        1,
        6,
        6,
        null,
        null,
        1,
        1,
        null,
        null,
        1,
        null,
        1,
        1,
        null,
        null,
        1,
        1,
        1,
        null,
        null,
        1,
        1,
        1,
        null,
        null,
        null,
        1,
        null,
        1,
        2,
        null,
        null,
        null,
        null,
        null,
        null
      ],
      "/Users/marcus/Desktop/Projects/bank_test/lib/account.rb": [
        1,
        null,
        1,
        null,
        1,
        null,
        1,
        5,
        null,
        null,
        1,
        3,
        3,
        null,
        null,
        1,
        1,
        1,
        null,
        null,
        null,
        1,
        null,
        1,
        1,
        3,
        2,
        null,
        1,
        null,
        null,
        null,
        null
      ],
      "/Users/marcus/Desktop/Projects/bank_test/lib/transaction.rb": [
        1,
        null,
        1,
        null,
        1,
        null,
        1,
        8,
        null,
        null,
        1,
        5,
        5,
        5,
        5,
        5,
        null,
        null,
        1,
        null,
        1,
        4,
        4,
        null,
        null,
        1,
        19,
        5,
        null,
        null,
        null,
        null,
        null
      ],
      "/Users/marcus/Desktop/Projects/bank_test/spec/transactions_spec.rb": [
        1,
        null,
        1,
        4,
        2,
        1,
        1,
        null,
        null,
        null,
        1,
        null,
        1,
        1,
        1,
        null,
        null,
        1,
        1,
        1,
        null,
        null,
        null,
        null,
        null,
        null,
        null
      ]
    },
    "timestamp": 1509557321
  }
}
